<?xml version="1.0" encoding="UTF-8"?>
<!-- Generated by org.testng.reporters.JUnitReportReporter -->
<testsuite hostname="Sakthi" failures="0" tests="1" name="testCases.SearchHotels_testCases" time="19.469" errors="0" timestamp="2025-03-30T20:07:40 IST" skipped="0">
  <testcase classname="testCases.SearchHotels_testCases" name="HotelsList" time="19.469"/>
</testsuite> <!-- testCases.SearchHotels_testCases -->
