<?xml version="1.0" encoding="UTF-8"?>
<!-- Generated by org.testng.reporters.JUnitReportReporter -->
<testsuite hostname="Sakthi" failures="0" tests="1" name="testCases.Login_testCases" time="10.374" errors="0" timestamp="2025-03-30T20:07:40 IST" skipped="0">
  <testcase classname="testCases.Login_testCases" name="login" time="10.374"/>
</testsuite> <!-- testCases.Login_testCases -->
